[debug] [2023-06-21T06:42:40.740Z] ----------------------------------------------------------------------
[debug] [2023-06-21T06:42:40.745Z] Command:       C:\Program Files\nodejs\node.exe C:\Users\larry\AppData\Roaming\npm\node_modules\firebase-tools\lib\bin\firebase.js init
[debug] [2023-06-21T06:42:40.747Z] CLI Version:   12.4.0
[debug] [2023-06-21T06:42:40.748Z] Platform:      win32
[debug] [2023-06-21T06:42:40.748Z] Node Version:  v18.10.0
[debug] [2023-06-21T06:42:40.751Z] Time:          Tue Jun 20 2023 23:42:40 GMT-0700 (Pacific Daylight Time)
[debug] [2023-06-21T06:42:40.752Z] ----------------------------------------------------------------------
[debug] 
[debug] [2023-06-21T06:42:40.764Z] >>> [apiv2][query] GET https://firebase-public.firebaseio.com/cli.json [none]
[debug] [2023-06-21T06:42:40.899Z] > command requires scopes: ["email","openid","https://www.googleapis.com/auth/cloudplatformprojects.readonly","https://www.googleapis.com/auth/firebase","https://www.googleapis.com/auth/cloud-platform"]
[debug] [2023-06-21T06:42:40.900Z] > authorizing via signed-in user (larryle704@gmail.com)
[info] 
     ######## #### ########  ######## ########     ###     ######  ########
     ##        ##  ##     ## ##       ##     ##  ##   ##  ##       ##
     ######    ##  ########  ######   ########  #########  ######  ######
     ##        ##  ##    ##  ##       ##     ## ##     ##       ## ##
     ##       #### ##     ## ######## ########  ##     ##  ######  ########

You're about to initialize a Firebase project in this directory:

  C:\Users\larry\OneDrive\Documents\GitHub\Projects\Roblox-Presence

[debug] [2023-06-21T06:42:41.162Z] <<< [apiv2][status] GET https://firebase-public.firebaseio.com/cli.json 200
[debug] [2023-06-21T06:42:41.163Z] <<< [apiv2][body] GET https://firebase-public.firebaseio.com/cli.json {"cloudBuildErrorAfter":1594252800000,"cloudBuildWarnAfter":1590019200000,"defaultNode10After":1594252800000,"minVersion":"3.0.5","node8DeploysDisabledAfter":1613390400000,"node8RuntimeDisabledAfter":1615809600000,"node8WarnAfter":1600128000000}
[info] 
=== Project Setup
[info] 
[info] First, let's associate this project directory with a Firebase project.
[info] You can create multiple project aliases by running firebase use --add, 
[info] but for now we'll just set up a default project.
[info] 
[debug] [2023-06-21T06:43:05.719Z] > refreshing access token with scopes: []
[debug] [2023-06-21T06:43:05.722Z] >>> [apiv2][query] POST https://www.googleapis.com/oauth2/v3/token [none]
[debug] [2023-06-21T06:43:05.722Z] >>> [apiv2][body] POST https://www.googleapis.com/oauth2/v3/token [omitted]
[debug] [2023-06-21T06:43:05.938Z] <<< [apiv2][status] POST https://www.googleapis.com/oauth2/v3/token 200
[debug] [2023-06-21T06:43:05.938Z] <<< [apiv2][body] POST https://www.googleapis.com/oauth2/v3/token [omitted]
[debug] [2023-06-21T06:43:05.962Z] >>> [apiv2][query] GET https://firebase.googleapis.com/v1beta1/projects pageSize=100
[debug] [2023-06-21T06:43:06.491Z] <<< [apiv2][status] GET https://firebase.googleapis.com/v1beta1/projects 200
[debug] [2023-06-21T06:43:06.491Z] <<< [apiv2][body] GET https://firebase.googleapis.com/v1beta1/projects [omitted]
